2021-10-21 13:58:48,185:INFO:PyCaret Supervised Module
2021-10-21 13:58:48,185:INFO:ML Usecase: classification
2021-10-21 13:58:48,185:INFO:version 2.3.3
2021-10-21 13:58:48,186:INFO:Initializing setup()
2021-10-21 13:58:48,186:INFO:setup(target=Purchase, ml_usecase=classification, available_plots={'parameter': 'Hyperparameters', 'auc': 'AUC', 'confusion_matrix': 'Confusion Matrix', 'threshold': 'Threshold', 'pr': 'Precision Recall', 'error': 'Prediction Error', 'class_report': 'Class Report', 'rfe': 'Feature Selection', 'learning': 'Learning Curve', 'manifold': 'Manifold Learning', 'calibration': 'Calibration Curve', 'vc': 'Validation Curve', 'dimension': 'Dimensions', 'feature': 'Feature Importance', 'feature_all': 'Feature Importance (All)', 'boundary': 'Decision Boundary', 'lift': 'Lift Chart', 'gain': 'Gain Chart', 'tree': 'Decision Tree', 'ks': 'KS Statistic Plot'}, train_size=0.7, test_data=None, preprocess=True, imputation_type=simple, iterative_imputation_iters=5, categorical_features=None, categorical_imputation=constant, categorical_iterative_imputer=lightgbm, ordinal_features=None, high_cardinality_features=None, high_cardinality_method=frequency, numeric_features=None, numeric_imputation=mean, numeric_iterative_imputer=lightgbm, date_features=None, ignore_features=None, normalize=False, normalize_method=zscore, transformation=False, transformation_method=yeo-johnson, handle_unknown_categorical=True, unknown_categorical_method=least_frequent, pca=False, pca_method=linear, pca_components=None, ignore_low_variance=False, combine_rare_levels=False, rare_level_threshold=0.1, bin_numeric_features=None, remove_outliers=False, outliers_threshold=0.05, remove_multicollinearity=False, multicollinearity_threshold=0.9, remove_perfect_collinearity=True, create_clusters=False, cluster_iter=20, polynomial_features=False, polynomial_degree=2, trigonometry_features=False, polynomial_threshold=0.1, group_features=None, group_names=None, feature_selection=False, feature_selection_threshold=0.8, feature_selection_method=classic, feature_interaction=False, feature_ratio=False, interaction_threshold=0.01, fix_imbalance=False, fix_imbalance_method=None, transform_target=False, transform_target_method=box-cox, data_split_shuffle=True, data_split_stratify=False, fold_strategy=stratifiedkfold, fold=10, fold_shuffle=False, fold_groups=None, n_jobs=-1, use_gpu=False, custom_pipeline=None, html=True, session_id=None, log_experiment=False, experiment_name=None, log_plots=False, log_profile=False, log_data=False, silent=False, verbose=True, profile=False, profile_kwargs=None, display=None)
2021-10-21 13:58:48,186:INFO:Checking environment
2021-10-21 13:58:48,186:INFO:python_version: 3.8.8
2021-10-21 13:58:48,186:INFO:python_build: ('default', 'Apr 13 2021 19:58:26')
2021-10-21 13:58:48,186:INFO:machine: x86_64
2021-10-21 13:58:48,200:INFO:platform: Linux-5.11.0-38-generic-x86_64-with-glibc2.10
2021-10-21 13:58:48,201:INFO:Memory: svmem(total=67347427328, available=62540656640, percent=7.1, used=3924033536, free=58179289088, active=1437925376, inactive=6674886656, buffers=137793536, cached=5106311168, shared=156491776, slab=492064768)
2021-10-21 13:58:48,201:INFO:Physical Core: 16
2021-10-21 13:58:48,201:INFO:Logical Core: 32
2021-10-21 13:58:48,201:INFO:Checking libraries
2021-10-21 13:58:48,201:INFO:pd==0.25.3
2021-10-21 13:58:48,201:INFO:numpy==1.19.2
2021-10-21 13:58:48,201:INFO:sklearn==0.22.1
2021-10-21 13:58:48,201:INFO:lightgbm==3.2.1
2021-10-21 13:58:48,233:INFO:catboost==0.26
2021-10-21 13:58:48,297:INFO:xgboost==1.4.2
2021-10-21 13:58:48,446:INFO:mlflow==1.19.0
2021-10-21 13:58:48,446:INFO:Checking Exceptions
2021-10-21 13:58:48,446:INFO:Declaring global variables
2021-10-21 13:58:48,447:INFO:USI: d59a
2021-10-21 13:58:48,447:INFO:pycaret_globals: {'master_model_container', '_available_plots', 'log_plots_param', '_all_models_internal', 'transform_target_method_param', 'fold_param', 'y_train', 'transform_target_param', 'pycaret_globals', 'iterative_imputation_iters_param', 'X_test', 'X', 'html_param', 'imputation_regressor', 'create_model_container', 'display_container', 'prep_pipe', 'X_train', 'imputation_classifier', 'fix_imbalance_param', '_all_models', '_all_metrics', '_internal_pipeline', 'fold_generator', 'y_test', '_gpu_n_jobs_param', 'fix_imbalance_method_param', 'fold_shuffle_param', 'gpu_param', 'y', 'data_before_preprocess', 'seed', 'target_param', 'stratify_param', 'experiment__', '_ml_usecase', 'USI', 'logging_param', 'n_jobs_param', 'fold_groups_param_full', 'exp_name_log', 'fold_groups_param'}
2021-10-21 13:58:48,447:INFO:Preparing display monitor
2021-10-21 13:58:48,447:INFO:Preparing display monitor
2021-10-21 13:58:48,454:INFO:Importing libraries
2021-10-21 13:58:48,454:INFO:Copying data for preprocessing
2021-10-21 13:58:48,458:INFO:Declaring preprocessing parameters
2021-10-21 13:58:48,459:INFO:Creating preprocessing pipeline
2021-10-21 13:58:48,467:INFO:Preprocessing pipeline created successfully
2021-10-21 13:58:48,467:ERROR:(Process Exit): setup has been interupted with user command 'quit'. setup must rerun.
2021-10-21 13:58:48,467:INFO:Creating global containers
2021-10-21 13:58:48,468:INFO:Internal pipeline: Pipeline(memory=None, steps=[('empty_step', 'passthrough')], verbose=False)
2021-10-21 13:58:50,724:INFO:Creating grid variables
2021-10-21 13:58:50,757:INFO:create_model_container: 0
2021-10-21 13:58:50,757:INFO:master_model_container: 0
2021-10-21 13:58:50,757:INFO:display_container: 1
2021-10-21 13:58:50,760:INFO:Pipeline(memory=None,
         steps=[('dtypes',
                 DataTypes_Auto_infer(categorical_features=[],
                                      display_types=True, features_todrop=[],
                                      id_columns=['Id'],
                                      ml_usecase='classification',
                                      numerical_features=[], target='Purchase',
                                      time_features=[])),
                ('imputer',
                 Simple_Imputer(categorical_strategy='not_available',
                                fill_value_categorical=None,
                                fill_value_numerical=None,
                                numeric...
                ('scaling', 'passthrough'), ('P_transform', 'passthrough'),
                ('binn', 'passthrough'), ('rem_outliers', 'passthrough'),
                ('cluster_all', 'passthrough'),
                ('dummy', Dummify(target='Purchase')),
                ('fix_perfect', Remove_100(target='Purchase')),
                ('clean_names', Clean_Colum_Names()),
                ('feature_select', 'passthrough'), ('fix_multi', 'passthrough'),
                ('dfs', 'passthrough'), ('pca', 'passthrough')],
         verbose=False)
2021-10-21 13:58:50,761:INFO:setup() succesfully completed......................................
2021-10-21 13:59:08,623:INFO:Initializing create_model()
2021-10-21 13:59:08,624:INFO:create_model(estimator=dummy, fold=None, round=4, cross_validation=True, predict=True, fit_kwargs=None, groups=None, refit=True, verbose=True, system=True, metrics=None, display=None, kwargs={})
2021-10-21 13:59:08,624:INFO:Checking exceptions
